# JRE version: Java(TM) SE Runtime Environment (8.0_144-b01) (build 1.8.0_144-b01)
# Java VM: Java HotSpot(TM) Client VM (25.144-b01 mixed mode windows-x86 )
Heap:
 def new generation   total 157248K, used 157247K [0x06c00000, 0x116a0000, 0x116a0000)
  eden space 139776K, 100% used [0x06c00000, 0x0f480000, 0x0f480000)
  from space 17472K,  99% used [0x0f480000, 0x1058fff0, 0x10590000)
  to   space 17472K,   0% used [0x10590000, 0x10590000, 0x116a0000)
 tenured generation   total 349568K, used 349567K [0x116a0000, 0x26c00000, 0x26c00000)
   the space 349568K,  99% used [0x116a0000, 0x26bffff8, 0x26c00000, 0x26c00000)
 Metaspace       used 19265K, capacity 19738K, committed 19968K, reserved 20864K
GC Heap History (10 events):
Event: 722.628 GC heap before
{Heap before GC invocations=1456 (full 556):
 def new generation   total 157248K, used 157248K [0x06c00000, 0x116a0000, 0x116a0000)
  eden space 139776K, 100% used [0x06c00000, 0x0f480000, 0x0f480000)
  from space 17472K, 100% used [0x0f480000, 0x10590000, 0x10590000)
  to   space 17472K,   0% used [0x10590000, 0x10590000, 0x116a0000)
 tenured generation   total 349568K, used 349567K [0x116a0000, 0x26c00000, 0x26c00000)
   the space 349568K,  99% used [0x116a0000, 0x26bffff8, 0x26c00000, 0x26c00000)
 Metaspace       used 19265K, capacity 19738K, committed 19968K, reserved 20864K
Event: 723.334 GC heap after
Heap after GC invocations=1457 (full 557):
 def new generation   total 157248K, used 157236K [0x06c00000, 0x116a0000, 0x116a0000)
  eden space 139776K,  99% used [0x06c00000, 0x0f47fff0, 0x0f480000)
  from space 17472K,  99% used [0x0f480000, 0x1058d400, 0x10590000)
  to   space 17472K,   0% used [0x10590000, 0x10590000, 0x116a0000)
 tenured generation   total 349568K, used 349567K [0x116a0000, 0x26c00000, 0x26c00000)
   the space 349568K,  99% used [0x116a0000, 0x26bffff8, 0x26c00000, 0x26c00000)
 Metaspace       used 19265K, capacity 19738K, committed 19968K, reserved 20864K
}
Event: 723.334 GC heap before
{Heap before GC invocations=1457 (full 557):
 def new generation   total 157248K, used 157247K [0x06c00000, 0x116a0000, 0x116a0000)
  eden space 139776K, 100% used [0x06c00000, 0x0f480000, 0x0f480000)
  from space 17472K,  99% used [0x0f480000, 0x1058ffa8, 0x10590000)
  to   space 17472K,   0% used [0x10590000, 0x10590000, 0x116a0000)
 tenured generation   total 349568K, used 349567K [0x116a0000, 0x26c00000, 0x26c00000)
   the space 349568K,  99% used [0x116a0000, 0x26bffff8, 0x26c00000, 0x26c00000)
 Metaspace       used 19265K, capacity 19738K, committed 19968K, reserved 20864K
Event: 724.047 GC heap after
Heap after GC invocations=1458 (full 558):
 def new generation   total 157248K, used 157239K [0x06c00000, 0x116a0000, 0x116a0000)
  eden space 139776K, 100% used [0x06c00000, 0x0f480000, 0x0f480000)
  from space 17472K,  99% used [0x0f480000, 0x1058dd30, 0x10590000)
  to   space 17472K,   0% used [0x10590000, 0x10590000, 0x116a0000)
 tenured generation   total 349568K, used 349567K [0x116a0000, 0x26c00000, 0x26c00000)
   the space 349568K,  99% used [0x116a0000, 0x26bffff8, 0x26c00000, 0x26c00000)
 Metaspace       used 19265K, capacity 19738K, committed 19968K, reserved 20864K
}
Event: 724.047 GC heap before
{Heap before GC invocations=1458 (full 558):
 def new generation   total 157248K, used 157247K [0x06c00000, 0x116a0000, 0x116a0000)
  eden space 139776K, 100% used [0x06c00000, 0x0f480000, 0x0f480000)
  from space 17472K,  99% used [0x0f480000, 0x1058fff8, 0x10590000)
  to   space 17472K,   0% used [0x10590000, 0x10590000, 0x116a0000)
 tenured generation   total 349568K, used 349567K [0x116a0000, 0x26c00000, 0x26c00000)
   the space 349568K,  99% used [0x116a0000, 0x26bffff8, 0x26c00000, 0x26c00000)
 Metaspace       used 19265K, capacity 19738K, committed 19968K, reserved 20864K
Event: 724.764 GC heap after
Heap after GC invocations=1459 (full 559):
 def new generation   total 157248K, used 157228K [0x06c00000, 0x116a0000, 0x116a0000)
  eden space 139776K, 100% used [0x06c00000, 0x0f480000, 0x0f480000)
  from space 17472K,  99% used [0x0f480000, 0x1058b138, 0x10590000)
  to   space 17472K,   0% used [0x10590000, 0x10590000, 0x116a0000)
 tenured generation   total 349568K, used 349567K [0x116a0000, 0x26c00000, 0x26c00000)
   the space 349568K,  99% used [0x116a0000, 0x26bffff8, 0x26c00000, 0x26c00000)
 Metaspace       used 19265K, capacity 19738K, committed 19968K, reserved 20864K
}
Event: 724.764 GC heap before
{Heap before GC invocations=1459 (full 559):
 def new generation   total 157248K, used 157241K [0x06c00000, 0x116a0000, 0x116a0000)
  eden space 139776K, 100% used [0x06c00000, 0x0f480000, 0x0f480000)
  from space 17472K,  99% used [0x0f480000, 0x1058e530, 0x10590000)
  to   space 17472K,   0% used [0x10590000, 0x10590000, 0x116a0000)
 tenured generation   total 349568K, used 349567K [0x116a0000, 0x26c00000, 0x26c00000)
   the space 349568K,  99% used [0x116a0000, 0x26bffff8, 0x26c00000, 0x26c00000)
 Metaspace       used 19265K, capacity 19738K, committed 19968K, reserved 20864K
Event: 725.478 GC heap after
Heap after GC invocations=1460 (full 560):
 def new generation   total 157248K, used 157234K [0x06c00000, 0x116a0000, 0x116a0000)
  eden space 139776K, 100% used [0x06c00000, 0x0f480000, 0x0f480000)
  from space 17472K,  99% used [0x0f480000, 0x1058c9d0, 0x10590000)
  to   space 17472K,   0% used [0x10590000, 0x10590000, 0x116a0000)
 tenured generation   total 349568K, used 349567K [0x116a0000, 0x26c00000, 0x26c00000)
   the space 349568K,  99% used [0x116a0000, 0x26bffff8, 0x26c00000, 0x26c00000)
 Metaspace       used 19265K, capacity 19738K, committed 19968K, reserved 20864K
}
Event: 725.478 GC heap before
{Heap before GC invocations=1460 (full 560):
 def new generation   total 157248K, used 157234K [0x06c00000, 0x116a0000, 0x116a0000)
  eden space 139776K, 100% used [0x06c00000, 0x0f480000, 0x0f480000)
  from space 17472K,  99% used [0x0f480000, 0x1058c9d0, 0x10590000)
  to   space 17472K,   0% used [0x10590000, 0x10590000, 0x116a0000)
 tenured generation   total 349568K, used 349567K [0x116a0000, 0x26c00000, 0x26c00000)
   the space 349568K,  99% used [0x116a0000, 0x26bffff8, 0x26c00000, 0x26c00000)
 Metaspace       used 19265K, capacity 19738K, committed 19968K, reserved 20864K
Event: 726.191 GC heap after
Heap after GC invocations=1461 (full 561):
 def new generation   total 157248K, used 157234K [0x06c00000, 0x116a0000, 0x116a0000)
  eden space 139776K, 100% used [0x06c00000, 0x0f480000, 0x0f480000)
  from space 17472K,  99% used [0x0f480000, 0x1058c9d0, 0x10590000)
  to   space 17472K,   0% used [0x10590000, 0x10590000, 0x116a0000)
 tenured generation   total 349568K, used 349567K [0x116a0000, 0x26c00000, 0x26c00000)
   the space 349568K,  99% used [0x116a0000, 0x26bffff8, 0x26c00000, 0x26c00000)
 Metaspace       used 19265K, capacity 19738K, committed 19968K, reserved 20864K
}

